TN:
SF:server.ts
FN:18,(anonymous_1)
FN:33,(anonymous_2)
FN:38,(anonymous_3)
FN:48,(anonymous_4)
FN:52,(anonymous_5)
FNF:5
FNH:3
FNDA:3,(anonymous_1)
FNDA:0,(anonymous_2)
FNDA:1,(anonymous_3)
FNDA:1,(anonymous_4)
FNDA:0,(anonymous_5)
DA:1,1
DA:2,1
DA:3,1
DA:4,1
DA:5,1
DA:6,1
DA:7,1
DA:8,1
DA:9,1
DA:10,1
DA:11,1
DA:13,1
DA:16,1
DA:18,1
DA:19,3
DA:20,3
DA:24,3
DA:25,3
DA:28,1
DA:29,1
DA:30,1
DA:31,1
DA:32,1
DA:33,1
DA:34,0
DA:37,1
DA:47,1
DA:48,1
DA:49,1
DA:53,0
DA:56,1
LF:31
LH:29
BRF:0
BRH:0
end_of_record
TN:
SF:database\db.ts
FN:7,(anonymous_8)
FN:7,(anonymous_9)
FN:12,(anonymous_10)
FN:13,(anonymous_11)
FN:19,(anonymous_12)
FN:19,(anonymous_13)
FN:28,(anonymous_14)
FN:28,(anonymous_15)
FNF:8
FNH:3
FNDA:1,(anonymous_8)
FNDA:1,(anonymous_9)
FNDA:1,(anonymous_10)
FNDA:0,(anonymous_11)
FNDA:0,(anonymous_12)
FNDA:0,(anonymous_13)
FNDA:0,(anonymous_14)
FNDA:0,(anonymous_15)
DA:2,1
DA:3,1
DA:5,1
DA:7,1
DA:8,1
DA:9,1
DA:10,1
DA:12,1
DA:13,0
DA:19,1
DA:20,0
DA:21,0
DA:22,0
DA:28,1
DA:29,0
DA:31,0
DA:32,0
DA:33,0
LF:18
LH:10
BRF:0
BRH:0
end_of_record
TN:
SF:src\model\UserModel.ts
FN:32,(anonymous_8)
FN:73,(anonymous_9)
FN:80,(anonymous_11)
FNF:3
FNH:2
FNDA:1,(anonymous_8)
FNDA:1,(anonymous_9)
FNDA:0,(anonymous_11)
DA:1,1
DA:2,1
DA:32,1
DA:33,1
DA:34,1
DA:45,1
DA:55,1
DA:73,1
DA:74,1
DA:75,1
DA:76,1
DA:80,1
DA:82,0
DA:83,0
DA:87,1
LF:15
LH:13
BRDA:32,0,0,1
BRDA:32,0,1,1
BRDA:74,1,0,1
BRF:3
BRH:3
end_of_record
TN:
SF:src\routes\UserRoute.ts
FN:82,(anonymous_8)
FN:82,(anonymous_9)
FNF:2
FNH:2
FNDA:3,(anonymous_8)
FNDA:3,(anonymous_9)
DA:1,1
DA:3,1
DA:4,1
DA:5,1
DA:6,1
DA:79,1
DA:82,3
DA:83,3
DA:84,3
DA:85,3
DA:86,0
DA:87,0
DA:88,0
DA:90,3
DA:91,1
DA:93,2
DA:94,1
DA:96,1
DA:102,1
LF:19
LH:16
BRDA:85,0,0,0
BRDA:93,1,0,1
BRDA:93,1,1,1
BRF:3
BRH:2
end_of_record
TN:
SF:src\services\UserService.ts
FN:6,(anonymous_7)
FNF:1
FNH:1
FNDA:3,(anonymous_7)
DA:1,1
DA:5,1
DA:7,3
DA:8,0
DA:11,3
DA:12,3
DA:14,3
DA:15,1
DA:18,2
DA:19,2
DA:20,2
DA:21,1
DA:23,1
DA:24,1
DA:29,1
LF:15
LH:14
BRDA:7,0,0,0
BRDA:7,1,0,3
BRDA:7,1,1,3
BRDA:14,2,0,1
BRF:4
BRH:3
end_of_record
TN:
SF:src\utils\FileUpload.ts
FN:5,(anonymous_1)
FN:9,(anonymous_2)
FN:13,(anonymous_3)
FNF:3
FNH:0
FNDA:0,(anonymous_1)
FNDA:0,(anonymous_2)
FNDA:0,(anonymous_3)
DA:1,1
DA:2,1
DA:4,1
DA:6,0
DA:10,0
DA:13,1
DA:14,0
DA:18,0
DA:20,0
DA:23,1
LF:10
LH:5
BRDA:14,0,0,0
BRDA:14,0,1,0
BRDA:14,1,0,0
BRDA:14,1,1,0
BRDA:14,1,2,0
BRF:5
BRH:0
end_of_record
TN:
SF:src\utils\swagger.ts
FN:112,swaggerDocs
FN:117,(anonymous_2)
FNF:2
FNH:1
FNDA:1,swaggerDocs
FNDA:0,(anonymous_2)
DA:4,1
DA:5,1
DA:6,1
DA:8,1
DA:110,1
DA:114,1
DA:117,1
DA:118,0
DA:119,0
DA:122,1
DA:125,1
LF:11
LH:9
BRF:0
BRH:0
end_of_record
